<?xml version="1.0" encoding="UTF-8"?>
<testng-results ignored="0" total="1" passed="1" failed="0" skipped="0">
  <reporter-output>
  </reporter-output>
  <suite started-at="2021-05-06T18:18:52 IST" name="Surefire suite" finished-at="2021-05-06T18:19:15 IST" duration-ms="23403">
    <groups>
    </groups>
    <test started-at="2021-05-06T18:18:52 IST" name="Surefire test" finished-at="2021-05-06T18:19:15 IST" duration-ms="23403">
      <class name="AppTest">
        <test-method signature="shouldAnswerWithTrue()" started-at="2021-05-06T18:18:52 IST" name="shouldAnswerWithTrue" finished-at="2021-05-06T18:19:15 IST" duration-ms="23351" status="PASS">
          <reporter-output>
          </reporter-output>
        </test-method> <!-- shouldAnswerWithTrue -->
      </class> <!-- AppTest -->
    </test> <!-- Surefire test -->
  </suite> <!-- Surefire suite -->
</testng-results>
